[2019-04-26 13:36:40.865] [exthost] [info] extension host started
[2019-04-26 13:36:41.039] [exthost] [info] ExtensionService#_doActivateExtension vscode.debug-auto-launch {"startup":true,"activationEvent":"*"}
[2019-04-26 13:36:41.039] [exthost] [info] ExtensionService#loadCommonJSModule /usr/share/code/resources/app/extensions/debug-auto-launch/dist/extension
[2019-04-26 13:36:41.458] [exthost] [info] ExtensionService#_doActivateExtension vscode.emmet {"startup":true,"activationEvent":"*"}
[2019-04-26 13:36:41.458] [exthost] [info] ExtensionService#loadCommonJSModule /usr/share/code/resources/app/extensions/emmet/dist/extension
[2019-04-26 13:36:41.684] [exthost] [info] ExtensionService#_doActivateExtension vscode.git {"startup":true,"activationEvent":"*"}
[2019-04-26 13:36:41.684] [exthost] [info] ExtensionService#loadCommonJSModule /usr/share/code/resources/app/extensions/git/dist/main
[2019-04-26 13:36:42.608] [exthost] [info] ExtensionService#_doActivateExtension vscode.merge-conflict {"startup":true,"activationEvent":"*"}
[2019-04-26 13:36:42.609] [exthost] [info] ExtensionService#loadCommonJSModule /usr/share/code/resources/app/extensions/merge-conflict/dist/extension
[2019-04-26 13:36:42.676] [exthost] [info] ExtensionService#_doActivateExtension bysabi.prettier-vscode-semistandard {"startup":true,"activationEvent":"*"}
[2019-04-26 13:36:42.676] [exthost] [info] ExtensionService#loadCommonJSModule /home/s/.vscode/extensions/bysabi.prettier-vscode-semistandard-0.22.1/out/src/extension
[2019-04-26 13:36:43.147] [exthost] [info] ExtensionService#_doActivateExtension dbaeumer.vscode-eslint {"startup":true,"activationEvent":"*"}
[2019-04-26 13:36:43.151] [exthost] [info] ExtensionService#loadCommonJSModule /home/s/.vscode/extensions/dbaeumer.vscode-eslint-1.8.2/client/out/extension
[2019-04-26 13:36:43.401] [exthost] [info] ExtensionService#_doActivateExtension esbenp.prettier-vscode {"startup":true,"activationEvent":"*"}
[2019-04-26 13:36:43.401] [exthost] [info] ExtensionService#loadCommonJSModule /home/s/.vscode/extensions/esbenp.prettier-vscode-1.9.0/out/src/extension
[2019-04-26 13:36:45.419] [exthost] [info] ExtensionService#_doActivateExtension etmoffat.pip-packages {"startup":true,"activationEvent":"*"}
[2019-04-26 13:36:45.419] [exthost] [info] ExtensionService#loadCommonJSModule /home/s/.vscode/extensions/etmoffat.pip-packages-0.4.3/out/pip-updater
[2019-04-26 13:36:45.490] [exthost] [info] ExtensionService#_doActivateExtension HookyQR.beautify {"startup":true,"activationEvent":"*"}
[2019-04-26 13:36:45.490] [exthost] [info] ExtensionService#loadCommonJSModule /home/s/.vscode/extensions/hookyqr.beautify-1.4.11/extension
[2019-04-26 13:36:46.125] [exthost] [info] ExtensionService#_doActivateExtension ms-vscode.cpptools {"startup":true,"activationEvent":"*"}
[2019-04-26 13:36:46.125] [exthost] [info] ExtensionService#loadCommonJSModule /home/s/.vscode/extensions/ms-vscode.cpptools-0.22.1/out/src/main
[2019-04-26 13:36:47.684] [exthost] [info] eager extensions activated
[2019-04-26 13:36:48.431] [exthost] [info] ExtensionService#_doActivateExtension vsciot-vscode.vscode-arduino {"startup":true,"activationEvent":"*"}
[2019-04-26 13:36:48.431] [exthost] [info] ExtensionService#loadCommonJSModule /home/s/.vscode/extensions/vsciot-vscode.vscode-arduino-0.2.25/out/src/extension
[2019-04-26 13:46:33.453] [exthost] [info] ExtensionService#_doActivateExtension vscode.typescript-language-features {"startup":false,"activationEvent":"onLanguage:javascript"}
[2019-04-26 13:46:33.453] [exthost] [info] ExtensionService#loadCommonJSModule /usr/share/code/resources/app/extensions/typescript-language-features/dist/extension
[2019-04-26 13:46:50.642] [exthost] [error] onWillSaveTextDocument-listener from extension 'dbaeumer.vscode-eslint' threw ERROR
[2019-04-26 13:46:50.643] [exthost] [error] Error: timeout
	at Timeout.define._deliverEventAsync.setTimeout [as _onTimeout] (/usr/share/code/resources/app/out/vs/workbench/services/extensions/node/extensionHostProcess.js:439:616)
	at ontimeout (timers.js:427:11)
	at tryOnTimeout (timers.js:289:5)
	at listOnTimeout (timers.js:252:5)
	at Timer.processTimers (timers.js:212:10)
