[2019-05-03 22:57:16.077] [exthost] [info] extension host started
[2019-05-03 22:57:16.210] [exthost] [info] ExtensionService#_doActivateExtension vscode.typescript-language-features {"startup":false,"activationEvent":"onLanguage:javascript"}
[2019-05-03 22:57:16.210] [exthost] [info] ExtensionService#loadCommonJSModule /usr/share/code/resources/app/extensions/typescript-language-features/dist/extension
[2019-05-03 22:57:16.515] [exthost] [info] ExtensionService#_doActivateExtension vscode.debug-auto-launch {"startup":true,"activationEvent":"*"}
[2019-05-03 22:57:16.515] [exthost] [info] ExtensionService#loadCommonJSModule /usr/share/code/resources/app/extensions/debug-auto-launch/dist/extension
[2019-05-03 22:57:16.779] [exthost] [info] ExtensionService#_doActivateExtension vscode.emmet {"startup":true,"activationEvent":"*"}
[2019-05-03 22:57:16.779] [exthost] [info] ExtensionService#loadCommonJSModule /usr/share/code/resources/app/extensions/emmet/dist/extension
[2019-05-03 22:57:16.935] [exthost] [info] ExtensionService#_doActivateExtension vscode.git {"startup":true,"activationEvent":"*"}
[2019-05-03 22:57:16.935] [exthost] [info] ExtensionService#loadCommonJSModule /usr/share/code/resources/app/extensions/git/dist/main
[2019-05-03 22:57:17.237] [exthost] [info] ExtensionService#_doActivateExtension vscode.merge-conflict {"startup":true,"activationEvent":"*"}
[2019-05-03 22:57:17.237] [exthost] [info] ExtensionService#loadCommonJSModule /usr/share/code/resources/app/extensions/merge-conflict/dist/extension
[2019-05-03 22:57:17.303] [exthost] [info] ExtensionService#_doActivateExtension bysabi.prettier-vscode-semistandard {"startup":true,"activationEvent":"*"}
[2019-05-03 22:57:17.303] [exthost] [info] ExtensionService#loadCommonJSModule /home/s/.vscode/extensions/bysabi.prettier-vscode-semistandard-0.22.1/out/src/extension
[2019-05-03 22:57:18.061] [exthost] [info] ExtensionService#_doActivateExtension dbaeumer.vscode-eslint {"startup":true,"activationEvent":"*"}
[2019-05-03 22:57:18.061] [exthost] [info] ExtensionService#loadCommonJSModule /home/s/.vscode/extensions/dbaeumer.vscode-eslint-1.8.2/client/out/extension
[2019-05-03 22:57:18.183] [exthost] [info] ExtensionService#_doActivateExtension esbenp.prettier-vscode {"startup":true,"activationEvent":"*"}
[2019-05-03 22:57:18.183] [exthost] [info] ExtensionService#loadCommonJSModule /home/s/.vscode/extensions/esbenp.prettier-vscode-1.9.0/out/src/extension
[2019-05-03 22:57:21.381] [exthost] [info] ExtensionService#_doActivateExtension etmoffat.pip-packages {"startup":true,"activationEvent":"*"}
[2019-05-03 22:57:21.381] [exthost] [info] ExtensionService#loadCommonJSModule /home/s/.vscode/extensions/etmoffat.pip-packages-0.4.3/out/pip-updater
[2019-05-03 22:57:21.439] [exthost] [info] ExtensionService#_doActivateExtension HookyQR.beautify {"startup":true,"activationEvent":"*"}
[2019-05-03 22:57:21.439] [exthost] [info] ExtensionService#loadCommonJSModule /home/s/.vscode/extensions/hookyqr.beautify-1.5.0/extension
[2019-05-03 22:57:22.399] [exthost] [info] ExtensionService#_doActivateExtension ms-vscode.cpptools {"startup":true,"activationEvent":"*"}
[2019-05-03 22:57:22.399] [exthost] [info] ExtensionService#loadCommonJSModule /home/s/.vscode/extensions/ms-vscode.cpptools-0.22.1/out/src/main
[2019-05-03 22:57:25.660] [exthost] [info] eager extensions activated
[2019-05-03 22:57:27.196] [exthost] [info] ExtensionService#_doActivateExtension vsciot-vscode.vscode-arduino {"startup":true,"activationEvent":"*"}
[2019-05-03 22:57:27.196] [exthost] [info] ExtensionService#loadCommonJSModule /home/s/.vscode/extensions/vsciot-vscode.vscode-arduino-0.2.25/out/src/extension
[2019-05-03 23:04:41.642] [exthost] [info] ExtensionService#_doActivateExtension vscode.extension-editing {"startup":false,"activationEvent":"onLanguage:typescript"}
[2019-05-03 23:04:41.642] [exthost] [info] ExtensionService#loadCommonJSModule /usr/share/code/resources/app/extensions/extension-editing/dist/extension
[2019-05-04 10:13:08.018] [exthost] [info] ExtensionService#_doActivateExtension vscode.css-language-features {"startup":false,"activationEvent":"onLanguage:css"}
[2019-05-04 10:13:08.018] [exthost] [info] ExtensionService#loadCommonJSModule /usr/share/code/resources/app/extensions/css-language-features/client/dist/cssMain
