[2019-04-19 13:15:51.208] [exthost] [info] extension host started
[2019-04-19 13:15:51.317] [exthost] [info] ExtensionService#_doActivateExtension vscode.debug-auto-launch {"startup":true,"activationEvent":"*"}
[2019-04-19 13:15:51.317] [exthost] [info] ExtensionService#loadCommonJSModule /usr/share/code/resources/app/extensions/debug-auto-launch/dist/extension
[2019-04-19 13:15:51.333] [exthost] [info] ExtensionService#_doActivateExtension vscode.emmet {"startup":true,"activationEvent":"*"}
[2019-04-19 13:15:51.333] [exthost] [info] ExtensionService#loadCommonJSModule /usr/share/code/resources/app/extensions/emmet/dist/extension
[2019-04-19 13:15:51.371] [exthost] [info] ExtensionService#_doActivateExtension vscode.git {"startup":true,"activationEvent":"*"}
[2019-04-19 13:15:51.371] [exthost] [info] ExtensionService#loadCommonJSModule /usr/share/code/resources/app/extensions/git/dist/main
[2019-04-19 13:15:51.732] [exthost] [info] ExtensionService#_doActivateExtension vscode.merge-conflict {"startup":true,"activationEvent":"*"}
[2019-04-19 13:15:51.732] [exthost] [info] ExtensionService#loadCommonJSModule /usr/share/code/resources/app/extensions/merge-conflict/dist/extension
[2019-04-19 13:15:51.749] [exthost] [info] ExtensionService#_doActivateExtension dbaeumer.vscode-eslint {"startup":true,"activationEvent":"*"}
[2019-04-19 13:15:51.749] [exthost] [info] ExtensionService#loadCommonJSModule /home/s/.vscode/extensions/dbaeumer.vscode-eslint-1.8.2/client/out/extension
[2019-04-19 13:15:51.874] [exthost] [info] ExtensionService#_doActivateExtension etmoffat.pip-packages {"startup":true,"activationEvent":"*"}
[2019-04-19 13:15:51.874] [exthost] [info] ExtensionService#loadCommonJSModule /home/s/.vscode/extensions/etmoffat.pip-packages-0.4.3/out/pip-updater
[2019-04-19 13:15:51.890] [exthost] [info] ExtensionService#_doActivateExtension HookyQR.beautify {"startup":true,"activationEvent":"*"}
[2019-04-19 13:15:51.890] [exthost] [info] ExtensionService#loadCommonJSModule /home/s/.vscode/extensions/hookyqr.beautify-1.4.11/extension
[2019-04-19 13:15:52.040] [exthost] [info] ExtensionService#_doActivateExtension ms-vscode.cpptools {"startup":true,"activationEvent":"*"}
[2019-04-19 13:15:52.040] [exthost] [info] ExtensionService#loadCommonJSModule /home/s/.vscode/extensions/ms-vscode.cpptools-0.22.1/out/src/main
[2019-04-19 13:15:52.951] [exthost] [info] eager extensions activated
[2019-04-19 13:15:53.140] [exthost] [info] ExtensionService#_doActivateExtension vsciot-vscode.vscode-arduino {"startup":true,"activationEvent":"*"}
[2019-04-19 13:15:53.140] [exthost] [info] ExtensionService#loadCommonJSModule /home/s/.vscode/extensions/vsciot-vscode.vscode-arduino-0.2.25/out/src/extension
