[2019-05-03 21:04:42.805] [sharedprocess] [info] main {"machineId":"6003c51c53c7e12447dcf32045d2c04ecb57ea9f70846ed1f01804246df45550"}
[2019-05-03 21:04:44.320] [sharedprocess] [info] Scanned user extensions: 11
[2019-05-03 21:04:44.793] [sharedprocess] [info] Scanned system extensions: 72
[2019-05-03 21:04:44.933] [sharedprocess] [info] Deleted from disk ms-python.python /home/s/.vscode/extensions/ms-python.python-2019.4.11987
[2019-05-03 21:04:46.273] [sharedprocess] [info] Scanned user extensions: 11
[2019-05-03 21:04:46.285] [sharedprocess] [info] Scanned user extensions: 11
[2019-05-03 21:04:46.291] [sharedprocess] [info] Scanned user extensions: 11
[2019-05-03 21:04:46.615] [sharedprocess] [info] Scanned system extensions: 72
[2019-05-03 21:04:46.660] [sharedprocess] [info] Scanned system extensions: 72
[2019-05-03 21:04:46.694] [sharedprocess] [info] Scanned system extensions: 72
[2019-05-03 21:04:48.289] [sharedprocess] [info] Scanned user extensions: 11
[2019-05-03 21:04:49.991] [sharedprocess] [info] Installing extension: hookyqr.beautify
[2019-05-03 21:04:50.011] [sharedprocess] [info] Scanned user extensions: 11
[2019-05-03 21:04:51.548] [sharedprocess] [info] Downloaded extension: hookyqr.beautify /tmp/8fb1cd09-3271-408e-ad97-30fbac7a7236
[2019-05-03 21:04:52.384] [sharedprocess] [info] Extracted extension to /home/s/.vscode/extensions/.hookyqr.beautify-1.5.0: hookyqr.beautify
[2019-05-03 21:04:52.385] [sharedprocess] [info] Renamed to /home/s/.vscode/extensions/hookyqr.beautify-1.5.0
[2019-05-03 21:04:52.387] [sharedprocess] [info] Installation completed. hookyqr.beautify
[2019-05-03 21:04:52.592] [sharedprocess] [info] Extensions installed successfully: hookyqr.beautify
[2019-05-03 21:05:22.820] [sharedprocess] [info] Starting to clean up unused language packs.
[2019-05-03 21:09:48.366] [sharedprocess] [info] Scanned user extensions: 11
[2019-05-03 21:14:48.498] [sharedprocess] [info] Scanned user extensions: 11
[2019-05-03 21:19:48.584] [sharedprocess] [info] Scanned user extensions: 11
[2019-05-03 21:24:48.664] [sharedprocess] [info] Scanned user extensions: 11
[2019-05-03 21:29:48.737] [sharedprocess] [info] Scanned user extensions: 11
[2019-05-03 21:34:48.806] [sharedprocess] [info] Scanned user extensions: 11
[2019-05-03 21:39:48.890] [sharedprocess] [info] Scanned user extensions: 11
[2019-05-03 21:44:48.973] [sharedprocess] [info] Scanned user extensions: 11
[2019-05-03 21:49:49.054] [sharedprocess] [info] Scanned user extensions: 11
[2019-05-03 21:54:49.142] [sharedprocess] [info] Scanned user extensions: 11
[2019-05-03 21:59:49.216] [sharedprocess] [info] Scanned user extensions: 11
[2019-05-03 22:04:59.304] [sharedprocess] [info] Scanned user extensions: 11
[2019-05-03 22:10:09.390] [sharedprocess] [info] Scanned user extensions: 11
[2019-05-03 22:15:19.497] [sharedprocess] [info] Scanned user extensions: 11
