[2019-04-26 09:13:17.035] [sharedprocess] [info] main {"machineId":"6003c51c53c7e12447dcf32045d2c04ecb57ea9f70846ed1f01804246df45550"}
[2019-04-26 09:13:19.451] [sharedprocess] [info] Scanned user extensions: 11
[2019-04-26 09:13:20.446] [sharedprocess] [info] Scanned system extensions: 72
[2019-04-26 09:13:20.715] [sharedprocess] [info] Deleted from disk ms-python.python /home/s/.vscode/extensions/ms-python.python-2019.3.6558
[2019-04-26 09:13:22.157] [sharedprocess] [info] Scanned user extensions: 11
[2019-04-26 09:13:22.180] [sharedprocess] [info] Scanned user extensions: 11
[2019-04-26 09:13:22.207] [sharedprocess] [info] Scanned user extensions: 11
[2019-04-26 09:13:22.730] [sharedprocess] [info] Scanned system extensions: 72
[2019-04-26 09:13:22.790] [sharedprocess] [info] Scanned system extensions: 72
[2019-04-26 09:13:22.822] [sharedprocess] [info] Scanned system extensions: 72
[2019-04-26 09:13:27.754] [sharedprocess] [info] Scanned user extensions: 11
[2019-04-26 09:13:57.055] [sharedprocess] [info] Starting to clean up unused language packs.
[2019-04-26 09:18:27.832] [sharedprocess] [info] Scanned user extensions: 11
[2019-04-26 09:23:27.876] [sharedprocess] [info] Scanned user extensions: 11
[2019-04-26 09:28:27.930] [sharedprocess] [info] Scanned user extensions: 11
[2019-04-26 09:33:27.451] [sharedprocess] [info] Scanned user extensions: 11
[2019-04-26 09:38:27.494] [sharedprocess] [info] Scanned user extensions: 11
[2019-04-26 09:43:30.319] [sharedprocess] [info] Scanned user extensions: 11
[2019-04-26 09:48:30.363] [sharedprocess] [info] Scanned user extensions: 11
[2019-04-26 09:53:30.402] [sharedprocess] [info] Scanned user extensions: 11
