[2019-05-03 22:57:08.500] [sharedprocess] [info] main {"machineId":"6003c51c53c7e12447dcf32045d2c04ecb57ea9f70846ed1f01804246df45550"}
[2019-05-03 22:57:10.174] [sharedprocess] [info] Scanned user extensions: 11
[2019-05-03 22:57:11.534] [sharedprocess] [info] Deleted from disk hookyqr.beautify /home/s/.vscode/extensions/hookyqr.beautify-1.4.11
[2019-05-03 22:57:11.546] [sharedprocess] [info] Scanned system extensions: 72
[2019-05-03 22:57:13.262] [sharedprocess] [info] Scanned user extensions: 11
[2019-05-03 22:57:13.268] [sharedprocess] [info] Scanned user extensions: 11
[2019-05-03 22:57:13.278] [sharedprocess] [info] Scanned user extensions: 11
[2019-05-03 22:57:13.660] [sharedprocess] [info] Scanned system extensions: 72
[2019-05-03 22:57:13.673] [sharedprocess] [info] Scanned system extensions: 72
[2019-05-03 22:57:13.692] [sharedprocess] [info] Scanned system extensions: 72
[2019-05-03 22:57:15.493] [sharedprocess] [info] Scanned user extensions: 11
[2019-05-03 22:57:48.514] [sharedprocess] [info] Starting to clean up unused language packs.
[2019-05-03 23:02:15.556] [sharedprocess] [info] Scanned user extensions: 11
[2019-05-03 23:07:15.607] [sharedprocess] [info] Scanned user extensions: 11
[2019-05-03 23:12:15.647] [sharedprocess] [info] Scanned user extensions: 11
[2019-05-03 23:17:15.693] [sharedprocess] [info] Scanned user extensions: 11
[2019-05-03 23:22:15.737] [sharedprocess] [info] Scanned user extensions: 11
[2019-05-03 23:27:15.774] [sharedprocess] [info] Scanned user extensions: 11
[2019-05-03 23:32:15.820] [sharedprocess] [info] Scanned user extensions: 11
[2019-05-03 23:37:15.862] [sharedprocess] [info] Scanned user extensions: 11
[2019-05-03 23:42:15.899] [sharedprocess] [info] Scanned user extensions: 11
[2019-05-03 23:47:15.947] [sharedprocess] [info] Scanned user extensions: 11
[2019-05-03 23:52:15.992] [sharedprocess] [info] Scanned user extensions: 11
[2019-05-03 23:57:17.072] [sharedprocess] [info] Scanned user extensions: 11
[2019-05-04 00:02:17.110] [sharedprocess] [info] Scanned user extensions: 11
[2019-05-04 00:07:17.151] [sharedprocess] [info] Scanned user extensions: 11
[2019-05-04 00:12:17.190] [sharedprocess] [info] Scanned user extensions: 11
[2019-05-04 00:17:17.232] [sharedprocess] [info] Scanned user extensions: 11
[2019-05-04 00:22:17.274] [sharedprocess] [info] Scanned user extensions: 11
[2019-05-04 00:27:17.313] [sharedprocess] [info] Scanned user extensions: 11
[2019-05-04 00:32:17.351] [sharedprocess] [info] Scanned user extensions: 11
[2019-05-04 00:37:17.387] [sharedprocess] [info] Scanned user extensions: 11
[2019-05-04 00:42:17.427] [sharedprocess] [info] Scanned user extensions: 11
[2019-05-04 00:47:17.468] [sharedprocess] [info] Scanned user extensions: 11
[2019-05-04 00:52:17.509] [sharedprocess] [info] Scanned user extensions: 11
[2019-05-04 00:57:18.108] [sharedprocess] [info] Scanned user extensions: 11
[2019-05-04 01:02:18.150] [sharedprocess] [info] Scanned user extensions: 11
[2019-05-04 01:07:18.188] [sharedprocess] [info] Scanned user extensions: 11
[2019-05-04 01:12:18.228] [sharedprocess] [info] Scanned user extensions: 11
[2019-05-04 01:17:18.271] [sharedprocess] [info] Scanned user extensions: 11
[2019-05-04 01:22:18.312] [sharedprocess] [info] Scanned user extensions: 11
[2019-05-04 01:27:18.350] [sharedprocess] [info] Scanned user extensions: 11
[2019-05-04 01:32:18.385] [sharedprocess] [info] Scanned user extensions: 11
[2019-05-04 01:37:18.422] [sharedprocess] [info] Scanned user extensions: 11
[2019-05-04 01:42:18.465] [sharedprocess] [info] Scanned user extensions: 11
[2019-05-04 01:47:18.504] [sharedprocess] [info] Scanned user extensions: 11
[2019-05-04 01:52:18.549] [sharedprocess] [info] Scanned user extensions: 11
[2019-05-04 01:57:19.639] [sharedprocess] [info] Scanned user extensions: 11
[2019-05-04 02:02:19.684] [sharedprocess] [info] Scanned user extensions: 11
[2019-05-04 02:07:19.723] [sharedprocess] [info] Scanned user extensions: 11
[2019-05-04 02:12:19.765] [sharedprocess] [info] Scanned user extensions: 11
[2019-05-04 02:17:19.805] [sharedprocess] [info] Scanned user extensions: 11
[2019-05-04 02:22:19.845] [sharedprocess] [info] Scanned user extensions: 11
[2019-05-04 02:27:19.885] [sharedprocess] [info] Scanned user extensions: 11
[2019-05-04 02:32:19.923] [sharedprocess] [info] Scanned user extensions: 11
[2019-05-04 02:37:19.970] [sharedprocess] [info] Scanned user extensions: 11
[2019-05-04 02:42:20.016] [sharedprocess] [info] Scanned user extensions: 11
[2019-05-04 02:47:20.063] [sharedprocess] [info] Scanned user extensions: 11
[2019-05-04 02:52:20.102] [sharedprocess] [info] Scanned user extensions: 11
[2019-05-04 02:57:21.284] [sharedprocess] [info] Scanned user extensions: 11
[2019-05-04 03:02:21.327] [sharedprocess] [info] Scanned user extensions: 11
[2019-05-04 03:07:21.372] [sharedprocess] [info] Scanned user extensions: 11
[2019-05-04 03:12:21.412] [sharedprocess] [info] Scanned user extensions: 11
[2019-05-04 03:17:21.449] [sharedprocess] [info] Scanned user extensions: 11
[2019-05-04 03:22:21.489] [sharedprocess] [info] Scanned user extensions: 11
[2019-05-04 03:27:21.530] [sharedprocess] [info] Scanned user extensions: 11
[2019-05-04 03:32:21.573] [sharedprocess] [info] Scanned user extensions: 11
[2019-05-04 03:37:21.616] [sharedprocess] [info] Scanned user extensions: 11
[2019-05-04 03:42:21.664] [sharedprocess] [info] Scanned user extensions: 11
[2019-05-04 03:47:21.705] [sharedprocess] [info] Scanned user extensions: 11
[2019-05-04 03:52:21.746] [sharedprocess] [info] Scanned user extensions: 11
[2019-05-04 03:57:23.073] [sharedprocess] [info] Scanned user extensions: 11
[2019-05-04 04:02:23.113] [sharedprocess] [info] Scanned user extensions: 11
[2019-05-04 04:07:23.153] [sharedprocess] [info] Scanned user extensions: 11
[2019-05-04 04:12:23.191] [sharedprocess] [info] Scanned user extensions: 11
[2019-05-04 04:17:23.232] [sharedprocess] [info] Scanned user extensions: 11
[2019-05-04 04:22:23.284] [sharedprocess] [info] Scanned user extensions: 11
[2019-05-04 04:27:23.325] [sharedprocess] [info] Scanned user extensions: 11
[2019-05-04 04:32:23.365] [sharedprocess] [info] Scanned user extensions: 11
[2019-05-04 04:37:23.406] [sharedprocess] [info] Scanned user extensions: 11
[2019-05-04 04:42:23.441] [sharedprocess] [info] Scanned user extensions: 11
[2019-05-04 04:47:23.484] [sharedprocess] [info] Scanned user extensions: 11
[2019-05-04 04:52:23.523] [sharedprocess] [info] Scanned user extensions: 11
[2019-05-04 04:57:24.717] [sharedprocess] [info] Scanned user extensions: 11
[2019-05-04 05:02:24.757] [sharedprocess] [info] Scanned user extensions: 11
[2019-05-04 05:07:24.798] [sharedprocess] [info] Scanned user extensions: 11
[2019-05-04 05:12:24.837] [sharedprocess] [info] Scanned user extensions: 11
[2019-05-04 05:17:24.880] [sharedprocess] [info] Scanned user extensions: 11
[2019-05-04 05:22:24.921] [sharedprocess] [info] Scanned user extensions: 11
[2019-05-04 05:27:24.962] [sharedprocess] [info] Scanned user extensions: 11
[2019-05-04 05:32:24.999] [sharedprocess] [info] Scanned user extensions: 11
[2019-05-04 05:37:25.035] [sharedprocess] [info] Scanned user extensions: 11
[2019-05-04 05:42:25.086] [sharedprocess] [info] Scanned user extensions: 11
[2019-05-04 05:47:25.125] [sharedprocess] [info] Scanned user extensions: 11
[2019-05-04 05:52:25.167] [sharedprocess] [info] Scanned user extensions: 11
[2019-05-04 05:57:34.920] [sharedprocess] [info] Scanned user extensions: 11
[2019-05-04 06:02:34.959] [sharedprocess] [info] Scanned user extensions: 11
[2019-05-04 06:07:35.006] [sharedprocess] [info] Scanned user extensions: 11
[2019-05-04 06:12:35.052] [sharedprocess] [info] Scanned user extensions: 11
[2019-05-04 06:17:35.093] [sharedprocess] [info] Scanned user extensions: 11
[2019-05-04 06:22:35.136] [sharedprocess] [info] Scanned user extensions: 11
[2019-05-04 06:27:35.173] [sharedprocess] [info] Scanned user extensions: 11
[2019-05-04 06:32:35.215] [sharedprocess] [info] Scanned user extensions: 11
[2019-05-04 06:37:35.260] [sharedprocess] [info] Scanned user extensions: 11
[2019-05-04 06:42:35.299] [sharedprocess] [info] Scanned user extensions: 11
[2019-05-04 06:47:35.341] [sharedprocess] [info] Scanned user extensions: 11
[2019-05-04 06:52:35.382] [sharedprocess] [info] Scanned user extensions: 11
[2019-05-04 06:57:36.693] [sharedprocess] [info] Scanned user extensions: 11
[2019-05-04 07:02:36.736] [sharedprocess] [info] Scanned user extensions: 11
[2019-05-04 07:07:36.776] [sharedprocess] [info] Scanned user extensions: 11
[2019-05-04 07:12:36.815] [sharedprocess] [info] Scanned user extensions: 11
[2019-05-04 09:31:37.962] [sharedprocess] [info] Scanned user extensions: 11
[2019-05-04 09:36:38.006] [sharedprocess] [info] Scanned user extensions: 11
[2019-05-04 09:41:38.042] [sharedprocess] [info] Scanned user extensions: 11
[2019-05-04 09:46:38.084] [sharedprocess] [info] Scanned user extensions: 11
[2019-05-04 09:51:38.123] [sharedprocess] [info] Scanned user extensions: 11
[2019-05-04 09:56:38.161] [sharedprocess] [info] Scanned user extensions: 11
[2019-05-04 10:01:38.215] [sharedprocess] [info] Scanned user extensions: 11
[2019-05-04 10:06:38.254] [sharedprocess] [info] Scanned user extensions: 11
[2019-05-04 10:11:38.297] [sharedprocess] [info] Scanned user extensions: 11
[2019-05-04 10:16:38.362] [sharedprocess] [info] Scanned user extensions: 11
[2019-05-04 10:21:38.413] [sharedprocess] [info] Scanned user extensions: 11
[2019-05-04 10:26:38.456] [sharedprocess] [info] Scanned user extensions: 11
[2019-05-04 10:31:40.044] [sharedprocess] [info] Scanned user extensions: 11
[2019-05-04 10:36:40.100] [sharedprocess] [info] Scanned user extensions: 11
[2019-05-04 10:41:40.137] [sharedprocess] [info] Scanned user extensions: 11
[2019-05-04 10:46:40.180] [sharedprocess] [info] Scanned user extensions: 11
[2019-05-04 10:51:40.230] [sharedprocess] [info] Scanned user extensions: 11
[2019-05-04 10:56:41.105] [sharedprocess] [info] Scanned user extensions: 11
[2019-05-04 11:01:41.486] [sharedprocess] [info] Scanned user extensions: 11
[2019-05-04 11:06:41.568] [sharedprocess] [info] Scanned user extensions: 11
[2019-05-04 11:11:41.609] [sharedprocess] [info] Scanned user extensions: 11
[2019-05-04 11:16:41.649] [sharedprocess] [info] Scanned user extensions: 11
[2019-05-04 11:21:41.687] [sharedprocess] [info] Scanned user extensions: 11
[2019-05-04 11:26:41.732] [sharedprocess] [info] Scanned user extensions: 11
[2019-05-04 11:31:42.762] [sharedprocess] [info] Scanned user extensions: 11
