[2019-05-09 23:25:32.361] [sharedprocess] [info] main {"machineId":"6003c51c53c7e12447dcf32045d2c04ecb57ea9f70846ed1f01804246df45550"}
[2019-05-09 23:25:34.032] [sharedprocess] [info] Scanned user extensions: 11
[2019-05-09 23:25:35.769] [sharedprocess] [info] Scanned system extensions: 72
[2019-05-09 23:25:38.911] [sharedprocess] [info] Scanned user extensions: 11
[2019-05-09 23:25:38.916] [sharedprocess] [info] Scanned user extensions: 11
[2019-05-09 23:25:39.092] [sharedprocess] [info] Scanned system extensions: 72
[2019-05-09 23:25:39.103] [sharedprocess] [info] Scanned system extensions: 72
[2019-05-09 23:25:42.210] [sharedprocess] [info] Scanned user extensions: 11
[2019-05-09 23:25:44.027] [sharedprocess] [info] Installing extension: ms-vscode.cpptools
[2019-05-09 23:25:44.073] [sharedprocess] [info] Scanned user extensions: 11
[2019-05-09 23:25:46.584] [sharedprocess] [info] Downloaded extension: ms-vscode.cpptools /tmp/8914ad9e-8941-4010-a4cc-ad65393478d0
[2019-05-09 23:25:49.025] [sharedprocess] [info] Extracted extension to /home/s/.vscode/extensions/.ms-vscode.cpptools-0.23.0: ms-vscode.cpptools
[2019-05-09 23:25:49.026] [sharedprocess] [info] Renamed to /home/s/.vscode/extensions/ms-vscode.cpptools-0.23.0
[2019-05-09 23:25:49.035] [sharedprocess] [info] Installation completed. ms-vscode.cpptools
[2019-05-09 23:25:49.160] [sharedprocess] [info] Extensions installed successfully: ms-vscode.cpptools
[2019-05-09 23:26:12.412] [sharedprocess] [info] Starting to clean up unused language packs.
[2019-05-09 23:30:43.097] [sharedprocess] [info] Scanned user extensions: 11
[2019-05-09 23:35:43.204] [sharedprocess] [info] Scanned user extensions: 11
[2019-05-09 23:40:43.289] [sharedprocess] [info] Scanned user extensions: 11
[2019-05-09 23:45:43.368] [sharedprocess] [info] Scanned user extensions: 11
[2019-05-09 23:50:43.451] [sharedprocess] [info] Scanned user extensions: 11
[2019-05-09 23:55:43.528] [sharedprocess] [info] Scanned user extensions: 11
[2019-05-10 00:00:43.605] [sharedprocess] [info] Scanned user extensions: 11
[2019-05-10 00:05:43.790] [sharedprocess] [info] Scanned user extensions: 11
[2019-05-10 00:10:43.864] [sharedprocess] [info] Scanned user extensions: 11
[2019-05-10 00:15:43.944] [sharedprocess] [info] Scanned user extensions: 11
[2019-05-10 00:20:44.027] [sharedprocess] [info] Scanned user extensions: 11
[2019-05-10 00:25:44.107] [sharedprocess] [info] Scanned user extensions: 11
[2019-05-10 00:30:44.729] [sharedprocess] [info] Scanned user extensions: 11
[2019-05-10 00:35:44.801] [sharedprocess] [info] Scanned user extensions: 11
[2019-05-10 00:40:44.872] [sharedprocess] [info] Scanned user extensions: 11
[2019-05-10 00:45:44.958] [sharedprocess] [info] Scanned user extensions: 11
[2019-05-10 00:50:45.048] [sharedprocess] [info] Scanned user extensions: 11
[2019-05-10 00:55:45.132] [sharedprocess] [info] Scanned user extensions: 11
[2019-05-10 01:00:45.242] [sharedprocess] [info] Scanned user extensions: 11
[2019-05-10 01:05:45.323] [sharedprocess] [info] Scanned user extensions: 11
[2019-05-10 01:10:45.402] [sharedprocess] [info] Scanned user extensions: 11
[2019-05-10 01:15:45.467] [sharedprocess] [info] Scanned user extensions: 11
