[2019-05-09 23:25:44.029] [exthost] [info] extension host started
[2019-05-09 23:25:44.147] [exthost] [info] ExtensionService#_doActivateExtension vscode.debug-auto-launch {"startup":true,"activationEvent":"*"}
[2019-05-09 23:25:44.147] [exthost] [info] ExtensionService#loadCommonJSModule /usr/share/code/resources/app/extensions/debug-auto-launch/dist/extension
[2019-05-09 23:25:44.222] [exthost] [info] ExtensionService#_doActivateExtension vscode.emmet {"startup":true,"activationEvent":"*"}
[2019-05-09 23:25:44.222] [exthost] [info] ExtensionService#loadCommonJSModule /usr/share/code/resources/app/extensions/emmet/dist/extension
[2019-05-09 23:25:44.345] [exthost] [info] ExtensionService#_doActivateExtension vscode.git {"startup":true,"activationEvent":"*"}
[2019-05-09 23:25:44.345] [exthost] [info] ExtensionService#loadCommonJSModule /usr/share/code/resources/app/extensions/git/dist/main
[2019-05-09 23:25:44.646] [exthost] [info] ExtensionService#_doActivateExtension vscode.merge-conflict {"startup":true,"activationEvent":"*"}
[2019-05-09 23:25:44.646] [exthost] [info] ExtensionService#loadCommonJSModule /usr/share/code/resources/app/extensions/merge-conflict/dist/extension
[2019-05-09 23:25:44.711] [exthost] [info] ExtensionService#_doActivateExtension bysabi.prettier-vscode-semistandard {"startup":true,"activationEvent":"*"}
[2019-05-09 23:25:44.711] [exthost] [info] ExtensionService#loadCommonJSModule /home/s/.vscode/extensions/bysabi.prettier-vscode-semistandard-0.22.1/out/src/extension
[2019-05-09 23:25:45.272] [exthost] [info] ExtensionService#_doActivateExtension dbaeumer.vscode-eslint {"startup":true,"activationEvent":"*"}
[2019-05-09 23:25:45.272] [exthost] [info] ExtensionService#loadCommonJSModule /home/s/.vscode/extensions/dbaeumer.vscode-eslint-1.8.2/client/out/extension
[2019-05-09 23:25:45.369] [exthost] [info] ExtensionService#_doActivateExtension esbenp.prettier-vscode {"startup":true,"activationEvent":"*"}
[2019-05-09 23:25:45.369] [exthost] [info] ExtensionService#loadCommonJSModule /home/s/.vscode/extensions/esbenp.prettier-vscode-1.9.0/out/src/extension
[2019-05-09 23:25:47.431] [exthost] [info] ExtensionService#_doActivateExtension etmoffat.pip-packages {"startup":true,"activationEvent":"*"}
[2019-05-09 23:25:47.431] [exthost] [info] ExtensionService#loadCommonJSModule /home/s/.vscode/extensions/etmoffat.pip-packages-0.4.3/out/pip-updater
[2019-05-09 23:25:47.571] [exthost] [info] ExtensionService#_doActivateExtension HookyQR.beautify {"startup":true,"activationEvent":"*"}
[2019-05-09 23:25:47.571] [exthost] [info] ExtensionService#loadCommonJSModule /home/s/.vscode/extensions/hookyqr.beautify-1.5.0/extension
[2019-05-09 23:25:49.528] [exthost] [info] ExtensionService#_doActivateExtension ms-vscode.cpptools {"startup":true,"activationEvent":"*"}
[2019-05-09 23:25:49.528] [exthost] [info] ExtensionService#loadCommonJSModule /home/s/.vscode/extensions/ms-vscode.cpptools-0.22.1/out/src/main
[2019-05-09 23:25:52.582] [exthost] [info] eager extensions activated
[2019-05-09 23:25:53.222] [exthost] [info] ExtensionService#_doActivateExtension vsciot-vscode.vscode-arduino {"startup":true,"activationEvent":"*"}
[2019-05-09 23:25:53.222] [exthost] [info] ExtensionService#loadCommonJSModule /home/s/.vscode/extensions/vsciot-vscode.vscode-arduino-0.2.25/out/src/extension
