[2019-05-01 13:52:45.297] [sharedprocess] [info] main {"machineId":"6003c51c53c7e12447dcf32045d2c04ecb57ea9f70846ed1f01804246df45550"}
[2019-05-01 13:52:47.688] [sharedprocess] [info] Scanned user extensions: 11
[2019-05-01 13:52:48.945] [sharedprocess] [info] Scanned system extensions: 72
[2019-05-01 13:52:51.942] [sharedprocess] [info] Scanned user extensions: 11
[2019-05-01 13:52:51.950] [sharedprocess] [info] Scanned user extensions: 11
[2019-05-01 13:52:51.953] [sharedprocess] [info] Scanned user extensions: 11
[2019-05-01 13:52:52.282] [sharedprocess] [info] Scanned system extensions: 72
[2019-05-01 13:52:52.322] [sharedprocess] [info] Scanned system extensions: 72
[2019-05-01 13:52:52.341] [sharedprocess] [info] Scanned system extensions: 72
[2019-05-01 13:52:58.139] [sharedprocess] [info] Scanned user extensions: 11
[2019-05-01 13:53:08.521] [sharedprocess] [info] Installing extension: ms-python.python
[2019-05-01 13:53:08.584] [sharedprocess] [info] Scanned user extensions: 11
[2019-05-01 13:53:25.315] [sharedprocess] [info] Starting to clean up unused language packs.
[2019-05-01 13:53:32.895] [sharedprocess] [info] Downloaded extension: ms-python.python /tmp/f9534a1b-f051-4aa9-a5bb-1fcb2e9292ec
[2019-05-01 13:53:37.862] [sharedprocess] [info] Extracted extension to /home/s/.vscode/extensions/.ms-python.python-2019.4.12954: ms-python.python
[2019-05-01 13:53:37.863] [sharedprocess] [info] Renamed to /home/s/.vscode/extensions/ms-python.python-2019.4.12954
[2019-05-01 13:53:37.874] [sharedprocess] [info] Installation completed. ms-python.python
[2019-05-01 13:53:38.131] [sharedprocess] [info] Extensions installed successfully: ms-python.python
[2019-05-01 13:57:58.361] [sharedprocess] [info] Scanned user extensions: 11
[2019-05-01 14:02:58.436] [sharedprocess] [info] Scanned user extensions: 11
[2019-05-01 14:07:58.554] [sharedprocess] [info] Scanned user extensions: 11
[2019-05-01 14:12:58.640] [sharedprocess] [info] Scanned user extensions: 11
[2019-05-01 14:17:58.759] [sharedprocess] [info] Scanned user extensions: 11
[2019-05-01 14:22:58.887] [sharedprocess] [info] Scanned user extensions: 11
[2019-05-01 14:27:58.959] [sharedprocess] [info] Scanned user extensions: 11
[2019-05-01 14:32:59.030] [sharedprocess] [info] Scanned user extensions: 11
[2019-05-01 14:37:59.158] [sharedprocess] [info] Scanned user extensions: 11
[2019-05-01 14:42:59.240] [sharedprocess] [info] Scanned user extensions: 11
[2019-05-01 14:47:59.315] [sharedprocess] [info] Scanned user extensions: 11
[2019-05-01 14:53:00.780] [sharedprocess] [info] Scanned user extensions: 11
[2019-05-01 14:58:00.857] [sharedprocess] [info] Scanned user extensions: 11
[2019-05-01 15:03:00.931] [sharedprocess] [info] Scanned user extensions: 11
[2019-05-01 15:08:01.007] [sharedprocess] [info] Scanned user extensions: 11
[2019-05-01 15:13:01.107] [sharedprocess] [info] Scanned user extensions: 11
[2019-05-01 15:18:01.192] [sharedprocess] [info] Scanned user extensions: 11
[2019-05-01 15:23:01.266] [sharedprocess] [info] Scanned user extensions: 11
[2019-05-01 15:28:01.344] [sharedprocess] [info] Scanned user extensions: 11
[2019-05-01 15:33:01.423] [sharedprocess] [info] Scanned user extensions: 11
[2019-05-01 15:38:01.502] [sharedprocess] [info] Scanned user extensions: 11
[2019-05-01 15:43:01.589] [sharedprocess] [info] Scanned user extensions: 11
[2019-05-01 15:48:01.658] [sharedprocess] [info] Scanned user extensions: 11
[2019-05-01 15:53:03.272] [sharedprocess] [info] Scanned user extensions: 11
[2019-05-01 15:58:03.358] [sharedprocess] [info] Scanned user extensions: 11
[2019-05-01 16:03:03.445] [sharedprocess] [info] Scanned user extensions: 11
[2019-05-01 16:08:03.518] [sharedprocess] [info] Scanned user extensions: 11
[2019-05-01 16:13:03.596] [sharedprocess] [info] Scanned user extensions: 11
[2019-05-01 16:18:03.673] [sharedprocess] [info] Scanned user extensions: 11
[2019-05-01 16:23:03.753] [sharedprocess] [info] Scanned user extensions: 11
[2019-05-01 16:28:03.836] [sharedprocess] [info] Scanned user extensions: 11
[2019-05-01 16:33:03.921] [sharedprocess] [info] Scanned user extensions: 11
[2019-05-01 16:38:04.018] [sharedprocess] [info] Scanned user extensions: 11
[2019-05-01 16:43:04.080] [sharedprocess] [info] Scanned user extensions: 11
[2019-05-01 16:48:04.164] [sharedprocess] [info] Scanned user extensions: 11
[2019-05-01 16:53:05.474] [sharedprocess] [info] Scanned user extensions: 11
[2019-05-01 16:58:05.571] [sharedprocess] [info] Scanned user extensions: 11
[2019-05-01 17:03:05.651] [sharedprocess] [info] Scanned user extensions: 11
[2019-05-01 17:08:05.729] [sharedprocess] [info] Scanned user extensions: 11
[2019-05-01 17:13:05.810] [sharedprocess] [info] Scanned user extensions: 11
[2019-05-01 17:18:05.881] [sharedprocess] [info] Scanned user extensions: 11
[2019-05-01 17:23:05.956] [sharedprocess] [info] Scanned user extensions: 11
[2019-05-01 17:28:06.033] [sharedprocess] [info] Scanned user extensions: 11
[2019-05-01 17:33:06.131] [sharedprocess] [info] Scanned user extensions: 11
[2019-05-01 17:38:06.211] [sharedprocess] [info] Scanned user extensions: 11
[2019-05-01 17:43:06.316] [sharedprocess] [info] Scanned user extensions: 11
[2019-05-01 17:48:06.385] [sharedprocess] [info] Scanned user extensions: 11
[2019-05-01 17:53:07.700] [sharedprocess] [info] Scanned user extensions: 11
[2019-05-01 17:58:07.787] [sharedprocess] [info] Scanned user extensions: 11
[2019-05-01 18:03:07.869] [sharedprocess] [info] Scanned user extensions: 11
[2019-05-01 18:08:07.973] [sharedprocess] [info] Scanned user extensions: 11
[2019-05-01 18:13:08.067] [sharedprocess] [info] Scanned user extensions: 11
[2019-05-01 18:18:08.231] [sharedprocess] [info] Scanned user extensions: 11
[2019-05-01 18:23:08.309] [sharedprocess] [info] Scanned user extensions: 11
[2019-05-01 18:28:08.395] [sharedprocess] [info] Scanned user extensions: 11
[2019-05-01 18:33:11.788] [sharedprocess] [info] Scanned user extensions: 11
[2019-05-01 18:38:12.496] [sharedprocess] [info] Scanned user extensions: 11
[2019-05-01 18:43:12.669] [sharedprocess] [info] Scanned user extensions: 11
[2019-05-01 18:48:12.831] [sharedprocess] [info] Scanned user extensions: 11
[2019-05-01 18:53:23.681] [sharedprocess] [info] Scanned user extensions: 11
[2019-05-01 18:58:23.818] [sharedprocess] [info] Scanned user extensions: 11
[2019-05-01 19:03:23.974] [sharedprocess] [info] Scanned user extensions: 11
[2019-05-01 19:08:24.214] [sharedprocess] [info] Scanned user extensions: 11
[2019-05-01 19:13:24.451] [sharedprocess] [info] Scanned user extensions: 11
[2019-05-01 19:18:24.588] [sharedprocess] [info] Scanned user extensions: 11
[2019-05-01 19:23:24.730] [sharedprocess] [info] Scanned user extensions: 11
[2019-05-01 19:28:24.834] [sharedprocess] [info] Scanned user extensions: 11
[2019-05-01 19:33:24.932] [sharedprocess] [info] Scanned user extensions: 11
[2019-05-01 19:38:25.263] [sharedprocess] [info] Scanned user extensions: 11
[2019-05-01 19:43:25.358] [sharedprocess] [info] Scanned user extensions: 11
[2019-05-01 19:48:25.490] [sharedprocess] [info] Scanned user extensions: 11
[2019-05-01 19:53:27.273] [sharedprocess] [info] Scanned user extensions: 11
[2019-05-01 19:58:27.377] [sharedprocess] [info] Scanned user extensions: 11
[2019-05-01 20:03:27.462] [sharedprocess] [info] Scanned user extensions: 11
[2019-05-01 20:08:27.570] [sharedprocess] [info] Scanned user extensions: 11
[2019-05-01 20:13:27.676] [sharedprocess] [info] Scanned user extensions: 11
[2019-05-01 20:18:27.769] [sharedprocess] [info] Scanned user extensions: 11
[2019-05-01 20:23:27.861] [sharedprocess] [info] Scanned user extensions: 11
[2019-05-01 20:28:27.960] [sharedprocess] [info] Scanned user extensions: 11
[2019-05-01 20:33:28.028] [sharedprocess] [info] Scanned user extensions: 11
[2019-05-01 20:38:28.132] [sharedprocess] [info] Scanned user extensions: 11
[2019-05-01 20:43:28.244] [sharedprocess] [info] Scanned user extensions: 11
[2019-05-01 20:48:28.374] [sharedprocess] [info] Scanned user extensions: 11
[2019-05-01 20:53:29.478] [sharedprocess] [info] Scanned user extensions: 11
[2019-05-01 20:58:29.572] [sharedprocess] [info] Scanned user extensions: 11
[2019-05-01 21:03:29.854] [sharedprocess] [info] Scanned user extensions: 11
[2019-05-01 21:08:29.950] [sharedprocess] [info] Scanned user extensions: 11
[2019-05-01 21:13:30.128] [sharedprocess] [info] Scanned user extensions: 11
[2019-05-01 21:18:30.275] [sharedprocess] [info] Scanned user extensions: 11
[2019-05-01 21:23:30.382] [sharedprocess] [info] Scanned user extensions: 11
[2019-05-01 21:28:30.545] [sharedprocess] [info] Scanned user extensions: 11
[2019-05-01 21:33:30.898] [sharedprocess] [info] Scanned user extensions: 11
[2019-05-01 21:38:30.982] [sharedprocess] [info] Scanned user extensions: 11
[2019-05-01 21:43:31.152] [sharedprocess] [info] Scanned user extensions: 11
[2019-05-01 21:48:31.287] [sharedprocess] [info] Scanned user extensions: 11
[2019-05-01 21:53:32.745] [sharedprocess] [info] Scanned user extensions: 11
[2019-05-01 21:58:33.033] [sharedprocess] [info] Scanned user extensions: 11
[2019-05-01 22:03:33.106] [sharedprocess] [info] Scanned user extensions: 11
[2019-05-01 22:08:33.250] [sharedprocess] [info] Scanned user extensions: 11
[2019-05-01 22:13:33.336] [sharedprocess] [info] Scanned user extensions: 11
[2019-05-01 22:18:33.411] [sharedprocess] [info] Scanned user extensions: 11
[2019-05-01 22:23:33.483] [sharedprocess] [info] Scanned user extensions: 11
[2019-05-01 22:28:33.557] [sharedprocess] [info] Scanned user extensions: 11
[2019-05-01 22:33:33.621] [sharedprocess] [info] Scanned user extensions: 11
[2019-05-01 22:38:33.694] [sharedprocess] [info] Scanned user extensions: 11
[2019-05-01 22:43:33.770] [sharedprocess] [info] Scanned user extensions: 11
[2019-05-01 22:48:33.861] [sharedprocess] [info] Scanned user extensions: 11
[2019-05-01 22:53:34.922] [sharedprocess] [info] Scanned user extensions: 11
[2019-05-01 22:58:34.999] [sharedprocess] [info] Scanned user extensions: 11
[2019-05-01 23:03:35.092] [sharedprocess] [info] Scanned user extensions: 11
[2019-05-01 23:08:35.163] [sharedprocess] [info] Scanned user extensions: 11
[2019-05-01 23:13:35.239] [sharedprocess] [info] Scanned user extensions: 11
[2019-05-01 23:18:35.325] [sharedprocess] [info] Scanned user extensions: 11
[2019-05-02 04:17:00.440] [sharedprocess] [info] Scanned user extensions: 11
[2019-05-02 04:22:00.610] [sharedprocess] [info] Scanned user extensions: 11
